[WARNING][Qt] 11.11.2025 12:52:57 [] (unknown:0) - monitorData: Unable to obtain handle for monitor '\\.\DISPLAY1', defaulting to 96 DPI.
[WARNING][Qt] 11.11.2025 12:52:58 [] (unknown:0) - monitorData: Unable to obtain handle for monitor '\\.\DISPLAY1', defaulting to 96 DPI.
[WARNING][Qt] 11.11.2025 12:52:58 [] (unknown:0) - monitorData: Unable to obtain handle for monitor '\\.\DISPLAY1', defaulting to 96 DPI.
[WARNING][Qt] 11.11.2025 12:52:58 [] (unknown:0) - monitorData: Unable to obtain handle for monitor '\\.\DISPLAY1', defaulting to 96 DPI.
[WARNING][Qt] 11.11.2025 12:52:58 [] (unknown:0) - monitorData: Unable to obtain handle for monitor '\\.\DISPLAY1', defaulting to 96 DPI.
[WARNING][Qt] 11.11.2025 12:52:58 [] (unknown:0) - monitorData: Unable to obtain handle for monitor '\\.\DISPLAY1', defaulting to 96 DPI.
[WARNING][Qt] 11.11.2025 12:52:58 [] (unknown:0) - monitorData: Unable to obtain handle for monitor '\\.\DISPLAY1', defaulting to 96 DPI.
[WARNING][Qt] 11.11.2025 12:52:58 [] (unknown:0) - monitorData: Unable to obtain handle for monitor '\\.\DISPLAY1', defaulting to 96 DPI.
[WARNING][Qt] 11.11.2025 12:52:58 [] (unknown:0) - monitorData: Unable to obtain handle for monitor '\\.\DISPLAY1', defaulting to 96 DPI.
[WARNING][Qt] 11.11.2025 12:52:58 [] (unknown:0) - monitorData: Unable to obtain handle for monitor '\\.\DISPLAY1', defaulting to 96 DPI.
[WARNING][Qt] 11.11.2025 12:52:58 [] (unknown:0) - monitorData: Unable to obtain handle for monitor '\\.\DISPLAY1', defaulting to 96 DPI.
[WARNING][Qt] 11.11.2025 12:52:58 [] (unknown:0) - monitorData: Unable to obtain handle for monitor '\\.\DISPLAY1', defaulting to 96 DPI.
[WARNING][Qt] 11.11.2025 12:52:58 [] (unknown:0) - monitorData: Unable to obtain handle for monitor '\\.\DISPLAY1', defaulting to 96 DPI.
[WARNING][Qt] 11.11.2025 12:52:58 [] (unknown:0) - monitorData: Unable to obtain handle for monitor '\\.\DISPLAY1', defaulting to 96 DPI.
[WARNING][Qt] 11.11.2025 12:52:58 [] (unknown:0) - monitorData: Unable to obtain handle for monitor '\\.\DISPLAY1', defaulting to 96 DPI.
[WARNING][Qt] 11.11.2025 12:52:58 [] (unknown:0) - monitorData: Unable to obtain handle for monitor '\\.\DISPLAY1', defaulting to 96 DPI.
[WARNING][Qt] 11.11.2025 12:52:58 [] (unknown:0) - monitorData: Unable to obtain handle for monitor '\\.\DISPLAY1', defaulting to 96 DPI.
[WARNING][Qt] 11.11.2025 12:52:58 [] (unknown:0) - monitorData: Unable to obtain handle for monitor '\\.\DISPLAY1', defaulting to 96 DPI.
[WARNING][Qt] 11.11.2025 12:52:58 [] (unknown:0) - monitorData: Unable to obtain handle for monitor '\\.\DISPLAY1', defaulting to 96 DPI.
[WARNING][Qt] 11.11.2025 12:52:58 [] (unknown:0) - monitorData: Unable to obtain handle for monitor '\\.\DISPLAY1', defaulting to 96 DPI.
[WARNING][Qt] 11.11.2025 12:52:58 [] (unknown:0) - monitorData: Unable to obtain handle for monitor '\\.\DISPLAY1', defaulting to 96 DPI.
[WARNING][Qt] 11.11.2025 12:52:58 [] (unknown:0) - monitorData: Unable to obtain handle for monitor '\\.\DISPLAY1', defaulting to 96 DPI.
[WARNING][Qt] 11.11.2025 12:52:58 [] (unknown:0) - monitorData: Unable to obtain handle for monitor '\\.\DISPLAY1', defaulting to 96 DPI.
[WARNING][Qt] 11.11.2025 12:52:58 [] (unknown:0) - monitorData: Unable to obtain handle for monitor '\\.\DISPLAY1', defaulting to 96 DPI.
[WARNING][Qt] 11.11.2025 12:52:58 [] (unknown:0) - monitorData: Unable to obtain handle for monitor '\\.\DISPLAY1', defaulting to 96 DPI.
[WARNING][Qt] 11.11.2025 12:52:58 [] (unknown:0) - monitorData: Unable to obtain handle for monitor '\\.\DISPLAY1', defaulting to 96 DPI.
[WARNING][Qt] 11.11.2025 12:52:58 [] (unknown:0) - monitorData: Unable to obtain handle for monitor '\\.\DISPLAY1', defaulting to 96 DPI.
[WARNING][Qt] 11.11.2025 12:52:58 [] (unknown:0) - monitorData: Unable to obtain handle for monitor '\\.\DISPLAY1', defaulting to 96 DPI.
[WARNING][Qt] 11.11.2025 12:52:58 [] (unknown:0) - monitorData: Unable to obtain handle for monitor '\\.\DISPLAY1', defaulting to 96 DPI.
[WARNING][Qt] 11.11.2025 12:52:58 [] (unknown:0) - monitorData: Unable to obtain handle for monitor '\\.\DISPLAY1', defaulting to 96 DPI.
[WARNING][Qt] 11.11.2025 12:52:58 [] (unknown:0) - monitorData: Unable to obtain handle for monitor '\\.\DISPLAY1', defaulting to 96 DPI.
[WARNING][Qt] 11.11.2025 12:52:58 [] (unknown:0) - monitorData: Unable to obtain handle for monitor '\\.\DISPLAY1', defaulting to 96 DPI.
[WARNING][Qt] 11.11.2025 12:52:58 [] (unknown:0) - monitorData: Unable to obtain handle for monitor '\\.\DISPLAY1', defaulting to 96 DPI.
[INFO][Stream] 12.11.2025 11:40:21 [] (unknown:0) -
[INFO][Stream] 12.11.2025 11:40:21 [] (unknown:0) -
[INFO][Stream] 12.11.2025 11:40:21 [] (unknown:0) -
[INFO][Stream] 12.11.2025 11:40:21 [] (unknown:0) - ------------------------------
[INFO][Stream] 12.11.2025 11:40:21 [] (unknown:0) - Reloading module: BrainTumorSegmentation
[INFO][Stream] 12.11.2025 11:40:21 [] (unknown:0) - ------------------------------
[INFO][Stream] 12.11.2025 11:40:21 [] (unknown:0) -
[INFO][Stream] 12.11.2025 11:40:21 [] (unknown:0) -
[INFO][Stream] 12.11.2025 11:40:21 [] (unknown:0) -
[INFO][Python] 12.11.2025 11:40:22 [Python] (C:\Users\sambl\AppData\Local\slicer.org\Slicer 5.8.1\bin\Python\slicer\util.py:2925) - Starting the test
[DEBUG][Python] 12.11.2025 11:40:23 [Python] (C:/Users/sambl/AppData/Local/slicer.org/Slicer 5.8.1/bin/../lib/Slicer-5.8/qt-scripted-modules/SampleData.py:873) - Verifying checksum
[DEBUG][Python] 12.11.2025 11:40:23 [Python] (C:/Users/sambl/AppData/Local/slicer.org/Slicer 5.8.1/bin/../lib/Slicer-5.8/qt-scripted-modules/SampleData.py:873) - File already exists and checksum is OK - reusing it.
[DEBUG][Python] 12.11.2025 11:40:23 [Python] (C:/Users/sambl/AppData/Local/slicer.org/Slicer 5.8.1/bin/../lib/Slicer-5.8/qt-scripted-modules/SampleData.py:873) - <b>Requesting load BrainTumorSegmentation1 from C:/Users/sambl/AppData/Local/slicer.org/Slicer/cache/SlicerIO/BrainTumorSegmentation1.nrrd ...</b>
[DEBUG][Qt] 12.11.2025 11:40:23 [] (unknown:0) - "Volume" Reader has successfully read the file "C:/Users/sambl/AppData/Local/slicer.org/Slicer/cache/SlicerIO/BrainTumorSegmentation1.nrrd" "[0.21s]"
[DEBUG][Python] 12.11.2025 11:40:23 [Python] (C:/Users/sambl/AppData/Local/slicer.org/Slicer 5.8.1/bin/../lib/Slicer-5.8/qt-scripted-modules/SampleData.py:873) - <b>Load finished</b><p></p>
[INFO][Python] 12.11.2025 11:40:23 [Python] (C:\Users\sambl\AppData\Local\slicer.org\Slicer 5.8.1\bin\Python\slicer\util.py:2925) - Loaded test data set
[INFO][Python] 12.11.2025 11:40:24 [Python] (C:/Users/sambl/PycharmProjects/CISC 472/Group Project/BrainTumorSegmentation/BrainTumorSegmentation/BrainTumorSegmentation.py:287) - Processing started
[INFO][Python] 12.11.2025 11:40:24 [Python] (C:/Users/sambl/PycharmProjects/CISC 472/Group Project/BrainTumorSegmentation/BrainTumorSegmentation/BrainTumorSegmentation.py:311) - Processing completed in 0.31 seconds
[INFO][Python] 12.11.2025 11:40:24 [Python] (C:\Users\sambl\AppData\Local\slicer.org\Slicer 5.8.1\bin\Python\slicer\util.py:2925) - Test passed
[INFO][Stream] 12.11.2025 11:40:33 [] (unknown:0) -
[INFO][Stream] 12.11.2025 11:40:33 [] (unknown:0) -
[INFO][Stream] 12.11.2025 11:40:33 [] (unknown:0) -
[INFO][Stream] 12.11.2025 11:40:33 [] (unknown:0) - ------------------------------
[INFO][Stream] 12.11.2025 11:40:33 [] (unknown:0) - Reloading module: BrainTumorSegmentation
[INFO][Stream] 12.11.2025 11:40:33 [] (unknown:0) - ------------------------------
[INFO][Stream] 12.11.2025 11:40:33 [] (unknown:0) -
[INFO][Stream] 12.11.2025 11:40:33 [] (unknown:0) -
[INFO][Stream] 12.11.2025 11:40:33 [] (unknown:0) -
[INFO][Python] 12.11.2025 11:40:33 [Python] (C:\Users\sambl\AppData\Local\slicer.org\Slicer 5.8.1\bin\Python\slicer\util.py:2925) - Starting the test
[DEBUG][Python] 12.11.2025 11:40:34 [Python] (C:/Users/sambl/AppData/Local/slicer.org/Slicer 5.8.1/bin/../lib/Slicer-5.8/qt-scripted-modules/SampleData.py:873) - Verifying checksum
[DEBUG][Python] 12.11.2025 11:40:34 [Python] (C:/Users/sambl/AppData/Local/slicer.org/Slicer 5.8.1/bin/../lib/Slicer-5.8/qt-scripted-modules/SampleData.py:873) - File already exists and checksum is OK - reusing it.
[DEBUG][Python] 12.11.2025 11:40:34 [Python] (C:/Users/sambl/AppData/Local/slicer.org/Slicer 5.8.1/bin/../lib/Slicer-5.8/qt-scripted-modules/SampleData.py:873) - <b>Requesting load BrainTumorSegmentation1 from C:/Users/sambl/AppData/Local/slicer.org/Slicer/cache/SlicerIO/BrainTumorSegmentation1.nrrd ...</b>
[DEBUG][Qt] 12.11.2025 11:40:34 [] (unknown:0) - "Volume" Reader has successfully read the file "C:/Users/sambl/AppData/Local/slicer.org/Slicer/cache/SlicerIO/BrainTumorSegmentation1.nrrd" "[0.14s]"
[DEBUG][Python] 12.11.2025 11:40:34 [Python] (C:/Users/sambl/AppData/Local/slicer.org/Slicer 5.8.1/bin/../lib/Slicer-5.8/qt-scripted-modules/SampleData.py:873) - <b>Load finished</b><p></p>
[INFO][Python] 12.11.2025 11:40:34 [Python] (C:\Users\sambl\AppData\Local\slicer.org\Slicer 5.8.1\bin\Python\slicer\util.py:2925) - Loaded test data set
[INFO][Python] 12.11.2025 11:40:35 [Python] (C:/Users/sambl/PycharmProjects/CISC 472/Group Project/BrainTumorSegmentation/BrainTumorSegmentation/BrainTumorSegmentation.py:287) - Processing started
[INFO][Python] 12.11.2025 11:40:36 [Python] (C:/Users/sambl/PycharmProjects/CISC 472/Group Project/BrainTumorSegmentation/BrainTumorSegmentation/BrainTumorSegmentation.py:311) - Processing completed in 0.83 seconds
[INFO][Python] 12.11.2025 11:40:36 [Python] (C:\Users\sambl\AppData\Local\slicer.org\Slicer 5.8.1\bin\Python\slicer\util.py:2925) - Test passed
[INFO][Stream] 12.11.2025 16:23:20 [] (unknown:0) -
[INFO][Stream] 12.11.2025 16:23:20 [] (unknown:0) -
[INFO][Stream] 12.11.2025 16:23:20 [] (unknown:0) -
[INFO][Stream] 12.11.2025 16:23:20 [] (unknown:0) - ------------------------------
[INFO][Stream] 12.11.2025 16:23:20 [] (unknown:0) - Reloading module: BrainTumorSegmentation
[INFO][Stream] 12.11.2025 16:23:20 [] (unknown:0) - ------------------------------
[INFO][Stream] 12.11.2025 16:23:20 [] (unknown:0) -
[INFO][Stream] 12.11.2025 16:23:20 [] (unknown:0) -
[INFO][Stream] 12.11.2025 16:23:20 [] (unknown:0) -
[INFO][Python] 12.11.2025 16:23:20 [Python] (C:\Users\sambl\AppData\Local\slicer.org\Slicer 5.8.1\bin\Python\slicer\util.py:2925) - Starting the test
[DEBUG][Python] 12.11.2025 16:23:21 [Python] (C:/Users/sambl/AppData/Local/slicer.org/Slicer 5.8.1/bin/../lib/Slicer-5.8/qt-scripted-modules/SampleData.py:873) - Verifying checksum
[DEBUG][Python] 12.11.2025 16:23:21 [Python] (C:/Users/sambl/AppData/Local/slicer.org/Slicer 5.8.1/bin/../lib/Slicer-5.8/qt-scripted-modules/SampleData.py:873) - File already exists and checksum is OK - reusing it.
[DEBUG][Python] 12.11.2025 16:23:21 [Python] (C:/Users/sambl/AppData/Local/slicer.org/Slicer 5.8.1/bin/../lib/Slicer-5.8/qt-scripted-modules/SampleData.py:873) - <b>Requesting load BrainTumorSegmentation1 from C:/Users/sambl/AppData/Local/slicer.org/Slicer/cache/SlicerIO/BrainTumorSegmentation1.nrrd ...</b>
[DEBUG][Qt] 12.11.2025 16:23:21 [] (unknown:0) - "Volume" Reader has successfully read the file "C:/Users/sambl/AppData/Local/slicer.org/Slicer/cache/SlicerIO/BrainTumorSegmentation1.nrrd" "[0.25s]"
[DEBUG][Python] 12.11.2025 16:23:21 [Python] (C:/Users/sambl/AppData/Local/slicer.org/Slicer 5.8.1/bin/../lib/Slicer-5.8/qt-scripted-modules/SampleData.py:873) - <b>Load finished</b><p></p>
[INFO][Python] 12.11.2025 16:23:21 [Python] (C:\Users\sambl\AppData\Local\slicer.org\Slicer 5.8.1\bin\Python\slicer\util.py:2925) - Loaded test data set
[INFO][Python] 12.11.2025 16:23:22 [Python] (C:/Users/sambl/PycharmProjects/CISC 472/Group Project/BrainTumorSegmentation/BrainTumorSegmentation/BrainTumorSegmentation.py:287) - Processing started
[INFO][Python] 12.11.2025 16:23:23 [Python] (C:/Users/sambl/PycharmProjects/CISC 472/Group Project/BrainTumorSegmentation/BrainTumorSegmentation/BrainTumorSegmentation.py:311) - Processing completed in 1.08 seconds
[INFO][Python] 12.11.2025 16:23:23 [Python] (C:\Users\sambl\AppData\Local\slicer.org\Slicer 5.8.1\bin\Python\slicer\util.py:2925) - Test passed
[INFO][Python] 12.11.2025 16:23:37 [Python] (C:/Users/sambl/PycharmProjects/CISC 472/Group Project/BrainTumorSegmentation/BrainTumorSegmentation/BrainTumorSegmentation.py:287) - Processing started
[INFO][Python] 12.11.2025 16:23:38 [Python] (C:/Users/sambl/PycharmProjects/CISC 472/Group Project/BrainTumorSegmentation/BrainTumorSegmentation/BrainTumorSegmentation.py:311) - Processing completed in 1.22 seconds
